[2012-03-13 22:05:19] security.DEBUG: Read SecurityContext from the session [] []
[2012-03-13 22:05:19] security.DEBUG: Reloading user from user provider. [] []
[2012-03-13 22:05:19] security.WARNING: Username "zeopix" could not be found. [] []
[2012-03-13 22:05:19] security.INFO: Populated SecurityContext with an anonymous Token [] []
[2012-03-13 22:05:19] request.ERROR: Symfony\Component\HttpKernel\Exception\NotFoundHttpException: No route found for "GET /assets/css/bootstrap-responsive.css" (uncaught exception) at /Applications/MAMP/htdocs/Eventos/vendor/symfony/src/Symfony/Bundle/FrameworkBundle/EventListener/RouterListener.php line 83 [] []
[2012-03-13 22:05:20] security.DEBUG: Read SecurityContext from the session [] []
[2012-03-13 22:05:20] security.DEBUG: Reloading user from user provider. [] []
[2012-03-13 22:05:20] security.WARNING: Username "zeopix" could not be found. [] []
[2012-03-13 22:05:20] security.INFO: Populated SecurityContext with an anonymous Token [] []
[2012-03-13 22:05:20] request.ERROR: Symfony\Component\HttpKernel\Exception\NotFoundHttpException: No route found for "GET /assets/ico/favicon.ico" (uncaught exception) at /Applications/MAMP/htdocs/Eventos/vendor/symfony/src/Symfony/Bundle/FrameworkBundle/EventListener/RouterListener.php line 83 [] []
[2012-03-13 22:05:45] security.DEBUG: Read SecurityContext from the session [] []
[2012-03-13 22:05:45] security.DEBUG: Reloading user from user provider. [] []
[2012-03-13 22:05:45] security.WARNING: Username "zeopix" could not be found. [] []
[2012-03-13 22:05:45] security.INFO: Populated SecurityContext with an anonymous Token [] []
[2012-03-13 22:05:45] request.ERROR: Symfony\Component\HttpKernel\Exception\NotFoundHttpException: No route found for "GET /assets/css/bootstrap-responsive.css" (uncaught exception) at /Applications/MAMP/htdocs/Eventos/app/cache/prod/classes.php line 4564 [] []
[2012-03-13 22:05:46] security.DEBUG: Read SecurityContext from the session [] []
[2012-03-13 22:05:46] security.DEBUG: Reloading user from user provider. [] []
[2012-03-13 22:05:46] security.WARNING: Username "zeopix" could not be found. [] []
[2012-03-13 22:05:46] security.INFO: Populated SecurityContext with an anonymous Token [] []
[2012-03-13 22:05:46] request.ERROR: Symfony\Component\HttpKernel\Exception\NotFoundHttpException: No route found for "GET /assets/ico/favicon.ico" (uncaught exception) at /Applications/MAMP/htdocs/Eventos/app/cache/prod/classes.php line 4564 [] []
[2012-03-16 13:15:16] security.INFO: Populated SecurityContext with an anonymous Token [] []
[2012-03-16 13:15:16] request.ERROR: Symfony\Component\HttpKernel\Exception\NotFoundHttpException: No route found for "GET /assets/css/bootstrap-responsive.css" (uncaught exception) at /Applications/MAMP/htdocs/Eventos/app/cache/prod/classes.php line 4564 [] []
[2012-03-16 13:15:17] security.INFO: Populated SecurityContext with an anonymous Token [] []
[2012-03-16 13:15:17] request.ERROR: Symfony\Component\HttpKernel\Exception\NotFoundHttpException: No route found for "GET /assets/ico/favicon.ico" (uncaught exception) at /Applications/MAMP/htdocs/Eventos/app/cache/prod/classes.php line 4564 [] []
[2012-03-16 13:39:10] security.INFO: Populated SecurityContext with an anonymous Token [] []
[2012-03-16 13:39:10] request.ERROR: Symfony\Component\HttpKernel\Exception\NotFoundHttpException: No route found for "GET /assets/css/bootstrap-responsive.css" (uncaught exception) at /Applications/MAMP/htdocs/Eventos/app/cache/prod/classes.php line 4564 [] []
[2012-03-16 13:39:10] security.INFO: Populated SecurityContext with an anonymous Token [] []
[2012-03-16 13:39:10] request.ERROR: Symfony\Component\HttpKernel\Exception\NotFoundHttpException: No route found for "GET /assets/ico/favicon.ico" (uncaught exception) at /Applications/MAMP/htdocs/Eventos/app/cache/prod/classes.php line 4564 [] []
[2012-03-17 15:20:51] security.INFO: Populated SecurityContext with an anonymous Token [] []
[2012-03-17 15:20:51] request.ERROR: Symfony\Component\HttpKernel\Exception\NotFoundHttpException: No route found for "GET /assets/css/bootstrap-responsive.css" (uncaught exception) at /Applications/MAMP/htdocs/Eventos/app/cache/prod/classes.php line 4564 [] []
[2012-03-17 15:20:51] security.INFO: Populated SecurityContext with an anonymous Token [] []
[2012-03-17 15:20:51] request.ERROR: Symfony\Component\HttpKernel\Exception\NotFoundHttpException: No route found for "GET /assets/ico/favicon.ico" (uncaught exception) at /Applications/MAMP/htdocs/Eventos/app/cache/prod/classes.php line 4564 [] []
[2012-03-17 15:33:00] security.INFO: Populated SecurityContext with an anonymous Token [] []
[2012-03-17 15:33:00] request.ERROR: Symfony\Component\HttpKernel\Exception\NotFoundHttpException: No route found for "GET /assets/css/bootstrap-responsive.css" (uncaught exception) at /Applications/MAMP/htdocs/Eventos/app/cache/prod/classes.php line 4564 [] []
[2012-03-17 15:33:00] security.INFO: Populated SecurityContext with an anonymous Token [] []
[2012-03-17 15:33:00] request.ERROR: Symfony\Component\HttpKernel\Exception\NotFoundHttpException: No route found for "GET /assets/ico/favicon.ico" (uncaught exception) at /Applications/MAMP/htdocs/Eventos/app/cache/prod/classes.php line 4564 [] []
[2012-03-17 17:54:28] security.INFO: Populated SecurityContext with an anonymous Token [] []
[2012-03-17 17:54:28] request.ERROR: Symfony\Component\HttpKernel\Exception\NotFoundHttpException: No route found for "GET /assets/css/bootstrap-responsive.css" (uncaught exception) at /Applications/MAMP/htdocs/Eventos/app/cache/prod/classes.php line 4564 [] []
[2012-03-17 17:54:28] security.INFO: Populated SecurityContext with an anonymous Token [] []
[2012-03-17 17:54:28] request.ERROR: Symfony\Component\HttpKernel\Exception\NotFoundHttpException: No route found for "GET /bundles/coretemplate/images/logo.png" (uncaught exception) at /Applications/MAMP/htdocs/Eventos/app/cache/prod/classes.php line 4564 [] []
[2012-03-17 17:54:29] security.INFO: Populated SecurityContext with an anonymous Token [] []
[2012-03-17 17:54:29] request.ERROR: Symfony\Component\HttpKernel\Exception\NotFoundHttpException: No route found for "GET /assets/ico/favicon.ico" (uncaught exception) at /Applications/MAMP/htdocs/Eventos/app/cache/prod/classes.php line 4564 [] []
[2012-03-17 17:55:24] security.INFO: Populated SecurityContext with an anonymous Token [] []
[2012-03-17 17:55:24] request.ERROR: Symfony\Component\HttpKernel\Exception\NotFoundHttpException: No route found for "GET /assets/css/bootstrap-responsive.css" (uncaught exception) at /Applications/MAMP/htdocs/Eventos/app/cache/prod/classes.php line 4564 [] []
[2012-03-17 17:55:24] security.INFO: Populated SecurityContext with an anonymous Token [] []
[2012-03-17 17:55:24] request.ERROR: Symfony\Component\HttpKernel\Exception\NotFoundHttpException: No route found for "GET /bundles/coretemplate/images/logo.png" (uncaught exception) at /Applications/MAMP/htdocs/Eventos/app/cache/prod/classes.php line 4564 [] []
[2012-03-17 17:55:24] security.INFO: Populated SecurityContext with an anonymous Token [] []
[2012-03-17 17:55:24] request.ERROR: Symfony\Component\HttpKernel\Exception\NotFoundHttpException: No route found for "GET /assets/ico/favicon.ico" (uncaught exception) at /Applications/MAMP/htdocs/Eventos/app/cache/prod/classes.php line 4564 [] []
[2012-03-17 17:57:51] security.INFO: Populated SecurityContext with an anonymous Token [] []
[2012-03-17 17:57:51] request.ERROR: Symfony\Component\HttpKernel\Exception\NotFoundHttpException: No route found for "GET /assets/css/bootstrap-responsive.css" (uncaught exception) at /Applications/MAMP/htdocs/Eventos/app/cache/prod/classes.php line 4564 [] []
[2012-03-17 17:57:51] security.INFO: Populated SecurityContext with an anonymous Token [] []
[2012-03-17 17:57:51] request.ERROR: Symfony\Component\HttpKernel\Exception\NotFoundHttpException: No route found for "GET /assets/ico/favicon.ico" (uncaught exception) at /Applications/MAMP/htdocs/Eventos/app/cache/prod/classes.php line 4564 [] []
[2012-03-17 17:58:19] security.INFO: Populated SecurityContext with an anonymous Token [] []
[2012-03-17 17:58:19] request.ERROR: Symfony\Component\HttpKernel\Exception\NotFoundHttpException: No route found for "GET /assets/css/bootstrap-responsive.css" (uncaught exception) at /Applications/MAMP/htdocs/Eventos/app/cache/prod/classes.php line 4564 [] []
[2012-03-17 17:58:19] security.INFO: Populated SecurityContext with an anonymous Token [] []
[2012-03-17 17:58:19] request.ERROR: Symfony\Component\HttpKernel\Exception\NotFoundHttpException: No route found for "GET /assets/ico/favicon.ico" (uncaught exception) at /Applications/MAMP/htdocs/Eventos/app/cache/prod/classes.php line 4564 [] []
[2012-03-17 17:58:22] security.INFO: Populated SecurityContext with an anonymous Token [] []
[2012-03-17 17:58:22] request.ERROR: Symfony\Component\HttpKernel\Exception\NotFoundHttpException: No route found for "GET /assets/css/bootstrap-responsive.css" (uncaught exception) at /Applications/MAMP/htdocs/Eventos/app/cache/prod/classes.php line 4564 [] []
[2012-03-17 17:58:22] security.INFO: Populated SecurityContext with an anonymous Token [] []
[2012-03-17 17:58:22] request.ERROR: Symfony\Component\HttpKernel\Exception\NotFoundHttpException: No route found for "GET /assets/ico/favicon.ico" (uncaught exception) at /Applications/MAMP/htdocs/Eventos/app/cache/prod/classes.php line 4564 [] []
[2012-03-17 17:58:30] security.INFO: Populated SecurityContext with an anonymous Token [] []
[2012-03-17 17:58:30] request.ERROR: Symfony\Component\HttpKernel\Exception\NotFoundHttpException: No route found for "GET /assets/css/bootstrap-responsive.css" (uncaught exception) at /Applications/MAMP/htdocs/Eventos/app/cache/prod/classes.php line 4564 [] []
[2012-03-17 17:58:30] security.INFO: Populated SecurityContext with an anonymous Token [] []
[2012-03-17 17:58:30] request.ERROR: Symfony\Component\HttpKernel\Exception\NotFoundHttpException: No route found for "GET /assets/ico/favicon.ico" (uncaught exception) at /Applications/MAMP/htdocs/Eventos/app/cache/prod/classes.php line 4564 [] []
[2012-03-17 18:01:23] security.INFO: Populated SecurityContext with an anonymous Token [] []
[2012-03-17 18:01:23] request.ERROR: Symfony\Component\HttpKernel\Exception\NotFoundHttpException: No route found for "GET /assets/css/bootstrap-responsive.css" (uncaught exception) at /Applications/MAMP/htdocs/Eventos/app/cache/prod/classes.php line 4564 [] []
[2012-03-17 18:01:23] security.INFO: Populated SecurityContext with an anonymous Token [] []
[2012-03-17 18:01:23] request.ERROR: Symfony\Component\HttpKernel\Exception\NotFoundHttpException: No route found for "GET /assets/ico/favicon.ico" (uncaught exception) at /Applications/MAMP/htdocs/Eventos/app/cache/prod/classes.php line 4564 [] []
[2012-03-17 20:21:49] security.INFO: Populated SecurityContext with an anonymous Token [] []
[2012-03-17 20:21:49] request.ERROR: Symfony\Component\HttpKernel\Exception\NotFoundHttpException: No route found for "GET /assets/css/bootstrap-responsive.css" (uncaught exception) at /Applications/MAMP/htdocs/Eventos/app/cache/prod/classes.php line 4564 [] []
[2012-03-17 20:21:49] security.INFO: Populated SecurityContext with an anonymous Token [] []
[2012-03-17 20:21:49] request.ERROR: Symfony\Component\HttpKernel\Exception\NotFoundHttpException: No route found for "GET /assets/ico/favicon.ico" (uncaught exception) at /Applications/MAMP/htdocs/Eventos/app/cache/prod/classes.php line 4564 [] []
[2012-03-17 20:22:07] security.INFO: Populated SecurityContext with an anonymous Token [] []
[2012-03-17 20:22:07] request.ERROR: Symfony\Component\HttpKernel\Exception\NotFoundHttpException: No route found for "GET /assets/css/bootstrap-responsive.css" (uncaught exception) at /Applications/MAMP/htdocs/Eventos/app/cache/prod/classes.php line 4564 [] []
[2012-03-17 20:22:07] security.INFO: Populated SecurityContext with an anonymous Token [] []
[2012-03-17 20:22:07] request.ERROR: Symfony\Component\HttpKernel\Exception\NotFoundHttpException: No route found for "GET /assets/ico/favicon.ico" (uncaught exception) at /Applications/MAMP/htdocs/Eventos/app/cache/prod/classes.php line 4564 [] []
[2012-03-17 20:22:09] security.INFO: Populated SecurityContext with an anonymous Token [] []
[2012-03-17 20:22:09] request.ERROR: Symfony\Component\HttpKernel\Exception\NotFoundHttpException: No route found for "GET /assets/css/bootstrap-responsive.css" (uncaught exception) at /Applications/MAMP/htdocs/Eventos/app/cache/prod/classes.php line 4564 [] []
[2012-03-17 20:22:09] security.INFO: Populated SecurityContext with an anonymous Token [] []
[2012-03-17 20:22:09] request.ERROR: Symfony\Component\HttpKernel\Exception\NotFoundHttpException: No route found for "GET /assets/ico/favicon.ico" (uncaught exception) at /Applications/MAMP/htdocs/Eventos/app/cache/prod/classes.php line 4564 [] []
[2012-03-17 20:22:11] security.INFO: Populated SecurityContext with an anonymous Token [] []
[2012-03-17 20:22:11] request.ERROR: Symfony\Component\HttpKernel\Exception\NotFoundHttpException: No route found for "GET /assets/css/bootstrap-responsive.css" (uncaught exception) at /Applications/MAMP/htdocs/Eventos/app/cache/prod/classes.php line 4564 [] []
[2012-03-17 20:22:12] security.INFO: Populated SecurityContext with an anonymous Token [] []
[2012-03-17 20:22:12] request.ERROR: Symfony\Component\HttpKernel\Exception\NotFoundHttpException: No route found for "GET /assets/ico/favicon.ico" (uncaught exception) at /Applications/MAMP/htdocs/Eventos/app/cache/prod/classes.php line 4564 [] []
[2012-03-17 20:22:38] security.INFO: Populated SecurityContext with an anonymous Token [] []
[2012-03-17 20:22:38] request.ERROR: Symfony\Component\HttpKernel\Exception\NotFoundHttpException: No route found for "GET /assets/css/bootstrap-responsive.css" (uncaught exception) at /Applications/MAMP/htdocs/Eventos/app/cache/prod/classes.php line 4564 [] []
[2012-03-17 20:22:38] security.INFO: Populated SecurityContext with an anonymous Token [] []
[2012-03-17 20:22:38] request.ERROR: Symfony\Component\HttpKernel\Exception\NotFoundHttpException: No route found for "GET /assets/ico/favicon.ico" (uncaught exception) at /Applications/MAMP/htdocs/Eventos/app/cache/prod/classes.php line 4564 [] []
[2012-03-17 20:23:16] security.INFO: Populated SecurityContext with an anonymous Token [] []
[2012-03-17 20:23:16] request.ERROR: Symfony\Component\HttpKernel\Exception\NotFoundHttpException: No route found for "GET /assets/ico/favicon.ico" (uncaught exception) at /Applications/MAMP/htdocs/Eventos/app/cache/prod/classes.php line 4564 [] []
[2012-03-17 20:23:20] security.INFO: Populated SecurityContext with an anonymous Token [] []
[2012-03-17 20:23:20] request.ERROR: Symfony\Component\HttpKernel\Exception\NotFoundHttpException: No route found for "GET /assets/ico/favicon.ico" (uncaught exception) at /Applications/MAMP/htdocs/Eventos/app/cache/prod/classes.php line 4564 [] []
[2012-03-17 20:23:24] security.INFO: Populated SecurityContext with an anonymous Token [] []
[2012-03-17 20:23:24] request.ERROR: Symfony\Component\HttpKernel\Exception\NotFoundHttpException: No route found for "GET /assets/ico/favicon.ico" (uncaught exception) at /Applications/MAMP/htdocs/Eventos/app/cache/prod/classes.php line 4564 [] []
[2012-03-17 20:23:37] security.INFO: Populated SecurityContext with an anonymous Token [] []
[2012-03-17 20:23:37] request.ERROR: Symfony\Component\HttpKernel\Exception\NotFoundHttpException: No route found for "GET /assets/ico/favicon.ico" (uncaught exception) at /Applications/MAMP/htdocs/Eventos/app/cache/prod/classes.php line 4564 [] []
[2012-03-17 20:23:48] security.INFO: Populated SecurityContext with an anonymous Token [] []
[2012-03-17 20:23:48] request.ERROR: Symfony\Component\HttpKernel\Exception\NotFoundHttpException: No route found for "GET /assets/ico/favicon.ico" (uncaught exception) at /Applications/MAMP/htdocs/Eventos/app/cache/prod/classes.php line 4564 [] []
[2012-03-17 20:24:11] security.INFO: Populated SecurityContext with an anonymous Token [] []
[2012-03-17 20:24:11] request.ERROR: Symfony\Component\HttpKernel\Exception\NotFoundHttpException: No route found for "GET /assets/ico/favicon.ico" (uncaught exception) at /Applications/MAMP/htdocs/Eventos/app/cache/prod/classes.php line 4564 [] []
[2012-03-17 20:24:45] security.INFO: Populated SecurityContext with an anonymous Token [] []
[2012-03-17 20:24:45] request.ERROR: Symfony\Component\HttpKernel\Exception\NotFoundHttpException: No route found for "GET /assets/ico/favicon.ico" (uncaught exception) at /Applications/MAMP/htdocs/Eventos/app/cache/prod/classes.php line 4564 [] []
[2012-03-17 20:24:47] security.INFO: Populated SecurityContext with an anonymous Token [] []
[2012-03-17 20:24:47] request.ERROR: Symfony\Component\HttpKernel\Exception\NotFoundHttpException: No route found for "GET /assets/ico/favicon.ico" (uncaught exception) at /Applications/MAMP/htdocs/Eventos/app/cache/prod/classes.php line 4564 [] []
[2012-03-17 20:25:15] security.INFO: Populated SecurityContext with an anonymous Token [] []
[2012-03-17 20:25:15] request.ERROR: Symfony\Component\HttpKernel\Exception\NotFoundHttpException: No route found for "GET /assets/ico/favicon.ico" (uncaught exception) at /Applications/MAMP/htdocs/Eventos/app/cache/prod/classes.php line 4564 [] []
[2012-03-17 20:25:56] security.INFO: Populated SecurityContext with an anonymous Token [] []
[2012-03-17 20:25:56] request.ERROR: Symfony\Component\HttpKernel\Exception\NotFoundHttpException: No route found for "GET /assets/ico/favicon.ico" (uncaught exception) at /Applications/MAMP/htdocs/Eventos/app/cache/prod/classes.php line 4564 [] []
[2012-03-17 20:26:35] security.INFO: Populated SecurityContext with an anonymous Token [] []
[2012-03-17 20:26:35] request.ERROR: Symfony\Component\HttpKernel\Exception\NotFoundHttpException: No route found for "GET /assets/ico/favicon.ico" (uncaught exception) at /Applications/MAMP/htdocs/Eventos/app/cache/prod/classes.php line 4564 [] []
[2012-03-17 20:26:37] security.INFO: Populated SecurityContext with an anonymous Token [] []
[2012-03-17 20:26:37] request.ERROR: Symfony\Component\HttpKernel\Exception\NotFoundHttpException: No route found for "GET /assets/ico/favicon.ico" (uncaught exception) at /Applications/MAMP/htdocs/Eventos/app/cache/prod/classes.php line 4564 [] []
[2012-03-17 20:28:40] security.INFO: Populated SecurityContext with an anonymous Token [] []
[2012-03-17 20:28:40] request.ERROR: Symfony\Component\HttpKernel\Exception\NotFoundHttpException: No route found for "GET /assets/ico/favicon.ico" (uncaught exception) at /Applications/MAMP/htdocs/Eventos/app/cache/prod/classes.php line 4564 [] []
[2012-03-17 20:30:27] security.INFO: Populated SecurityContext with an anonymous Token [] []
[2012-03-17 20:30:27] request.ERROR: Symfony\Component\HttpKernel\Exception\NotFoundHttpException: No route found for "GET /assets/ico/favicon.ico" (uncaught exception) at /Applications/MAMP/htdocs/Eventos/app/cache/prod/classes.php line 4564 [] []
[2012-03-17 20:31:39] security.INFO: Populated SecurityContext with an anonymous Token [] []
[2012-03-17 20:31:39] request.ERROR: Symfony\Component\HttpKernel\Exception\NotFoundHttpException: No route found for "GET /assets/ico/favicon.ico" (uncaught exception) at /Applications/MAMP/htdocs/Eventos/app/cache/prod/classes.php line 4564 [] []
[2012-03-17 20:32:35] security.INFO: Populated SecurityContext with an anonymous Token [] []
[2012-03-17 20:32:35] request.ERROR: Symfony\Component\HttpKernel\Exception\NotFoundHttpException: No route found for "GET /assets/ico/favicon.ico" (uncaught exception) at /Applications/MAMP/htdocs/Eventos/app/cache/prod/classes.php line 4564 [] []
[2012-03-17 20:32:45] security.INFO: Populated SecurityContext with an anonymous Token [] []
[2012-03-17 20:32:45] request.ERROR: Symfony\Component\HttpKernel\Exception\NotFoundHttpException: No route found for "GET /assets/ico/favicon.ico" (uncaught exception) at /Applications/MAMP/htdocs/Eventos/app/cache/prod/classes.php line 4564 [] []
[2012-03-17 20:34:22] security.INFO: Populated SecurityContext with an anonymous Token [] []
[2012-03-17 20:34:22] request.ERROR: Symfony\Component\HttpKernel\Exception\NotFoundHttpException: No route found for "GET /assets/ico/favicon.ico" (uncaught exception) at /Applications/MAMP/htdocs/Eventos/app/cache/prod/classes.php line 4564 [] []
[2012-03-17 20:34:51] security.INFO: Populated SecurityContext with an anonymous Token [] []
[2012-03-17 20:34:51] request.ERROR: Symfony\Component\HttpKernel\Exception\NotFoundHttpException: No route found for "GET /assets/ico/favicon.ico" (uncaught exception) at /Applications/MAMP/htdocs/Eventos/app/cache/prod/classes.php line 4564 [] []
[2012-03-17 20:35:49] security.INFO: Populated SecurityContext with an anonymous Token [] []
[2012-03-17 20:35:49] request.ERROR: Symfony\Component\HttpKernel\Exception\NotFoundHttpException: No route found for "GET /assets/ico/favicon.ico" (uncaught exception) at /Applications/MAMP/htdocs/Eventos/app/cache/prod/classes.php line 4564 [] []
[2012-03-17 20:36:45] security.INFO: Populated SecurityContext with an anonymous Token [] []
[2012-03-17 20:36:45] request.ERROR: Symfony\Component\HttpKernel\Exception\NotFoundHttpException: No route found for "GET /assets/ico/favicon.ico" (uncaught exception) at /Applications/MAMP/htdocs/Eventos/app/cache/prod/classes.php line 4564 [] []
[2012-03-17 20:38:06] security.INFO: Populated SecurityContext with an anonymous Token [] []
[2012-03-17 20:38:06] request.ERROR: Symfony\Component\HttpKernel\Exception\NotFoundHttpException: No route found for "GET /assets/ico/favicon.ico" (uncaught exception) at /Applications/MAMP/htdocs/Eventos/app/cache/prod/classes.php line 4564 [] []
[2012-03-17 20:38:20] security.INFO: Populated SecurityContext with an anonymous Token [] []
[2012-03-17 20:38:20] request.ERROR: Symfony\Component\HttpKernel\Exception\NotFoundHttpException: No route found for "GET /assets/ico/favicon.ico" (uncaught exception) at /Applications/MAMP/htdocs/Eventos/app/cache/prod/classes.php line 4564 [] []
[2012-03-17 20:38:28] security.INFO: Populated SecurityContext with an anonymous Token [] []
[2012-03-17 20:38:28] request.ERROR: Symfony\Component\HttpKernel\Exception\NotFoundHttpException: No route found for "GET /assets/ico/favicon.ico" (uncaught exception) at /Applications/MAMP/htdocs/Eventos/app/cache/prod/classes.php line 4564 [] []
[2012-03-17 20:38:30] security.INFO: Populated SecurityContext with an anonymous Token [] []
[2012-03-17 20:38:30] request.ERROR: Symfony\Component\HttpKernel\Exception\NotFoundHttpException: No route found for "GET /assets/ico/favicon.ico" (uncaught exception) at /Applications/MAMP/htdocs/Eventos/app/cache/prod/classes.php line 4564 [] []
[2012-03-17 20:38:44] security.INFO: Populated SecurityContext with an anonymous Token [] []
[2012-03-17 20:38:44] request.ERROR: Symfony\Component\HttpKernel\Exception\NotFoundHttpException: No route found for "GET /assets/ico/favicon.ico" (uncaught exception) at /Applications/MAMP/htdocs/Eventos/app/cache/prod/classes.php line 4564 [] []
[2012-03-17 20:38:48] security.INFO: Populated SecurityContext with an anonymous Token [] []
[2012-03-17 20:38:48] request.ERROR: Symfony\Component\HttpKernel\Exception\NotFoundHttpException: No route found for "GET /assets/ico/favicon.ico" (uncaught exception) at /Applications/MAMP/htdocs/Eventos/app/cache/prod/classes.php line 4564 [] []
[2012-03-17 20:39:01] security.INFO: Populated SecurityContext with an anonymous Token [] []
[2012-03-17 20:39:01] request.ERROR: Symfony\Component\HttpKernel\Exception\NotFoundHttpException: No route found for "GET /assets/ico/favicon.ico" (uncaught exception) at /Applications/MAMP/htdocs/Eventos/app/cache/prod/classes.php line 4564 [] []
[2012-03-17 20:39:23] security.INFO: Populated SecurityContext with an anonymous Token [] []
[2012-03-17 20:39:23] request.ERROR: Symfony\Component\HttpKernel\Exception\NotFoundHttpException: No route found for "GET /assets/ico/favicon.ico" (uncaught exception) at /Applications/MAMP/htdocs/Eventos/app/cache/prod/classes.php line 4564 [] []
[2012-03-17 20:39:45] security.INFO: Populated SecurityContext with an anonymous Token [] []
[2012-03-17 20:39:45] request.ERROR: Symfony\Component\HttpKernel\Exception\NotFoundHttpException: No route found for "GET /assets/ico/favicon.ico" (uncaught exception) at /Applications/MAMP/htdocs/Eventos/app/cache/prod/classes.php line 4564 [] []
[2012-03-17 20:39:46] security.INFO: Populated SecurityContext with an anonymous Token [] []
[2012-03-17 20:39:46] request.ERROR: Symfony\Component\HttpKernel\Exception\NotFoundHttpException: No route found for "GET /assets/ico/favicon.ico" (uncaught exception) at /Applications/MAMP/htdocs/Eventos/app/cache/prod/classes.php line 4564 [] []
